# JRE version: OpenJDK Runtime Environment (8.0_152-b02) (build 1.8.0_152-release-1024-b02)
# Java VM: OpenJDK 64-Bit Server VM (25.152-b02 mixed mode windows-amd64 compressed oops)
Heap:
 PSYoungGen      total 375808K, used 263470K [0x00000000e0000000, 0x00000000fd980000, 0x0000000100000000)
  eden space 295424K, 78% used [0x00000000e0000000,0x00000000ee136648,0x00000000f2080000)
  from space 80384K, 40% used [0x00000000f8b00000,0x00000000fab15440,0x00000000fd980000)
  to   space 94720K, 0% used [0x00000000f2080000,0x00000000f2080000,0x00000000f7d00000)
 ParOldGen       total 265216K, used 202180K [0x00000000a0000000, 0x00000000b0300000, 0x00000000e0000000)
  object space 265216K, 76% used [0x00000000a0000000,0x00000000ac5710f0,0x00000000b0300000)
 Metaspace       used 92269K, capacity 97708K, committed 98136K, reserved 1134592K
  class space    used 11328K, capacity 12285K, committed 12416K, reserved 1048576K
GC Heap History (10 events):
Event: 10992.664 GC heap before
{Heap before GC invocations=77 (full 7):
 PSYoungGen      total 347136K, used 346847K [0x00000000e0000000, 0x00000000ff780000, 0x0000000100000000)
  eden space 334336K, 99% used [0x00000000e0000000,0x00000000f4678840,0x00000000f4680000)
  from space 12800K, 97% used [0x00000000f4680000,0x00000000f52bf648,0x00000000f5300000)
  to   space 90624K, 0% used [0x00000000f9f00000,0x00000000f9f00000,0x00000000ff780000)
 ParOldGen       total 265216K, used 145282K [0x00000000a0000000, 0x00000000b0300000, 0x00000000e0000000)
  object space 265216K, 54% used [0x00000000a0000000,0x00000000a8de0920,0x00000000b0300000)
 Metaspace       used 89659K, capacity 95010K, committed 96728K, reserved 1134592K
  class space    used 11017K, capacity 11944K, committed 12288K, reserved 1048576K
Event: 10992.689 GC heap after
Heap after GC invocations=77 (full 7):
 PSYoungGen      total 424960K, used 48464K [0x00000000e0000000, 0x0000000100000000, 0x0000000100000000)
  eden space 334336K, 0% used [0x00000000e0000000,0x00000000e0000000,0x00000000f4680000)
  from space 90624K, 53% used [0x00000000f9f00000,0x00000000fce540d0,0x00000000ff780000)
  to   space 90624K, 0% used [0x00000000f4680000,0x00000000f4680000,0x00000000f9f00000)
 ParOldGen       total 265216K, used 145282K [0x00000000a0000000, 0x00000000b0300000, 0x00000000e0000000)
  object space 265216K, 54% used [0x00000000a0000000,0x00000000a8de0920,0x00000000b0300000)
 Metaspace       used 89659K, capacity 95010K, committed 96728K, reserved 1134592K
  class space    used 11017K, capacity 11944K, committed 12288K, reserved 1048576K
}
Event: 11193.472 GC heap before
{Heap before GC invocations=78 (full 7):
 PSYoungGen      total 424960K, used 382800K [0x00000000e0000000, 0x0000000100000000, 0x0000000100000000)
  eden space 334336K, 100% used [0x00000000e0000000,0x00000000f4680000,0x00000000f4680000)
  from space 90624K, 53% used [0x00000000f9f00000,0x00000000fce540d0,0x00000000ff780000)
  to   space 90624K, 0% used [0x00000000f4680000,0x00000000f4680000,0x00000000f9f00000)
 ParOldGen       total 265216K, used 145282K [0x00000000a0000000, 0x00000000b0300000, 0x00000000e0000000)
  object space 265216K, 54% used [0x00000000a0000000,0x00000000a8de0920,0x00000000b0300000)
 Metaspace       used 90446K, capacity 95826K, committed 96728K, reserved 1134592K
  class space    used 11115K, capacity 12048K, committed 12288K, reserved 1048576K
Event: 11193.552 GC heap after
Heap after GC invocations=78 (full 7):
 PSYoungGen      total 424960K, used 90617K [0x00000000e0000000, 0x0000000100000000, 0x0000000100000000)
  eden space 334336K, 0% used [0x00000000e0000000,0x00000000e0000000,0x00000000f4680000)
  from space 90624K, 99% used [0x00000000f4680000,0x00000000f9efe5a8,0x00000000f9f00000)
  to   space 99328K, 0% used [0x00000000f9f00000,0x00000000f9f00000,0x0000000100000000)
 ParOldGen       total 265216K, used 159873K [0x00000000a0000000, 0x00000000b0300000, 0x00000000e0000000)
  object space 265216K, 60% used [0x00000000a0000000,0x00000000a9c20418,0x00000000b0300000)
 Metaspace       used 90446K, capacity 95826K, committed 96728K, reserved 1134592K
  class space    used 11115K, capacity 12048K, committed 12288K, reserved 1048576K
}
Event: 11520.925 GC heap before
{Heap before GC invocations=79 (full 7):
 PSYoungGen      total 424960K, used 424953K [0x00000000e0000000, 0x0000000100000000, 0x0000000100000000)
  eden space 334336K, 100% used [0x00000000e0000000,0x00000000f4680000,0x00000000f4680000)
  from space 90624K, 99% used [0x00000000f4680000,0x00000000f9efe5a8,0x00000000f9f00000)
  to   space 99328K, 0% used [0x00000000f9f00000,0x00000000f9f00000,0x0000000100000000)
 ParOldGen       total 265216K, used 159873K [0x00000000a0000000, 0x00000000b0300000, 0x00000000e0000000)
  object space 265216K, 60% used [0x00000000a0000000,0x00000000a9c20418,0x00000000b0300000)
 Metaspace       used 91240K, capacity 96654K, committed 97240K, reserved 1134592K
  class space    used 11214K, capacity 12154K, committed 12288K, reserved 1048576K
Event: 11520.986 GC heap after
Heap after GC invocations=79 (full 7):
 PSYoungGen      total 414720K, used 40572K [0x00000000e0000000, 0x0000000100000000, 0x0000000100000000)
  eden space 315392K, 0% used [0x00000000e0000000,0x00000000e0000000,0x00000000f3400000)
  from space 99328K, 40% used [0x00000000f9f00000,0x00000000fc69f050,0x0000000100000000)
  to   space 104448K, 0% used [0x00000000f3400000,0x00000000f3400000,0x00000000f9a00000)
 ParOldGen       total 265216K, used 202172K [0x00000000a0000000, 0x00000000b0300000, 0x00000000e0000000)
  object space 265216K, 76% used [0x00000000a0000000,0x00000000ac56f0f0,0x00000000b0300000)
 Metaspace       used 91240K, capacity 96654K, committed 97240K, reserved 1134592K
  class space    used 11214K, capacity 12154K, committed 12288K, reserved 1048576K
}
Event: 12356.416 GC heap before
{Heap before GC invocations=80 (full 7):
 PSYoungGen      total 414720K, used 355964K [0x00000000e0000000, 0x0000000100000000, 0x0000000100000000)
  eden space 315392K, 100% used [0x00000000e0000000,0x00000000f3400000,0x00000000f3400000)
  from space 99328K, 40% used [0x00000000f9f00000,0x00000000fc69f050,0x0000000100000000)
  to   space 104448K, 0% used [0x00000000f3400000,0x00000000f3400000,0x00000000f9a00000)
 ParOldGen       total 265216K, used 202172K [0x00000000a0000000, 0x00000000b0300000, 0x00000000e0000000)
  object space 265216K, 76% used [0x00000000a0000000,0x00000000ac56f0f0,0x00000000b0300000)
 Metaspace       used 91263K, capacity 96668K, committed 97240K, reserved 1134592K
  class space    used 11216K, capacity 12155K, committed 12288K, reserved 1048576K
Event: 12356.441 GC heap after
Heap after GC invocations=80 (full 7):
 PSYoungGen      total 340992K, used 35791K [0x00000000e0000000, 0x00000000fec00000, 0x0000000100000000)
  eden space 305152K, 0% used [0x00000000e0000000,0x00000000e0000000,0x00000000f2a00000)
  from space 35840K, 99% used [0x00000000f3400000,0x00000000f56f3db8,0x00000000f5700000)
  to   space 99328K, 0% used [0x00000000f8b00000,0x00000000f8b00000,0x00000000fec00000)
 ParOldGen       total 265216K, used 202180K [0x00000000a0000000, 0x00000000b0300000, 0x00000000e0000000)
  object space 265216K, 76% used [0x00000000a0000000,0x00000000ac5710f0,0x00000000b0300000)
 Metaspace       used 91263K, capacity 96668K, committed 97240K, reserved 1134592K
  class space    used 11216K, capacity 12155K, committed 12288K, reserved 1048576K
}
Event: 12389.007 GC heap before
{Heap before GC invocations=81 (full 7):
 PSYoungGen      total 340992K, used 340943K [0x00000000e0000000, 0x00000000fec00000, 0x0000000100000000)
  eden space 305152K, 100% used [0x00000000e0000000,0x00000000f2a00000,0x00000000f2a00000)
  from space 35840K, 99% used [0x00000000f3400000,0x00000000f56f3db8,0x00000000f5700000)
  to   space 99328K, 0% used [0x00000000f8b00000,0x00000000f8b00000,0x00000000fec00000)
 ParOldGen       total 265216K, used 202180K [0x00000000a0000000, 0x00000000b0300000, 0x00000000e0000000)
  object space 265216K, 76% used [0x00000000a0000000,0x00000000ac5710f0,0x00000000b0300000)
 Metaspace       used 91493K, capacity 96956K, committed 97240K, reserved 1134592K
  class space    used 11230K, capacity 12181K, committed 12288K, reserved 1048576K
Event: 12389.032 GC heap after
Heap after GC invocations=81 (full 7):
 PSYoungGen      total 375808K, used 32853K [0x00000000e0000000, 0x00000000fd980000, 0x0000000100000000)
  eden space 295424K, 0% used [0x00000000e0000000,0x00000000e0000000,0x00000000f2080000)
  from space 80384K, 40% used [0x00000000f8b00000,0x00000000fab15440,0x00000000fd980000)
  to   space 94720K, 0% used [0x00000000f2080000,0x00000000f2080000,0x00000000f7d00000)
 ParOldGen       total 265216K, used 202180K [0x00000000a0000000, 0x00000000b0300000, 0x00000000e0000000)
  object space 265216K, 76% used [0x00000000a0000000,0x00000000ac5710f0,0x00000000b0300000)
 Metaspace       used 91493K, capacity 96956K, committed 97240K, reserved 1134592K
  class space    used 11230K, capacity 12181K, committed 12288K, reserved 1048576K
}

