# JRE version: OpenJDK Runtime Environment (8.0_152-b02) (build 1.8.0_152-release-1024-b02)
# Java VM: OpenJDK 64-Bit Server VM (25.152-b02 mixed mode windows-amd64 compressed oops)
Heap:
 PSYoungGen      total 378368K, used 145190K [0x00000000e0000000, 0x00000000ffb00000, 0x0000000100000000)
  eden space 240640K, 35% used [0x00000000e0000000,0x00000000e53be5d0,0x00000000eeb00000)
  from space 137728K, 43% used [0x00000000eeb00000,0x00000000f250b598,0x00000000f7180000)
  to   space 133120K, 0% used [0x00000000f7900000,0x00000000f7900000,0x00000000ffb00000)
 ParOldGen       total 655360K, used 492919K [0x00000000a0000000, 0x00000000c8000000, 0x00000000e0000000)
  object space 655360K, 75% used [0x00000000a0000000,0x00000000be15dff8,0x00000000c8000000)
 Metaspace       used 165469K, capacity 170436K, committed 170584K, reserved 1198080K
  class space    used 20087K, capacity 21079K, committed 21120K, reserved 1048576K
GC Heap History (10 events):
Event: 9205.033 GC heap before
{Heap before GC invocations=47 (full 6):
 PSYoungGen      total 369664K, used 252432K [0x00000000e0000000, 0x00000000ff280000, 0x0000000100000000)
  eden space 225280K, 100% used [0x00000000e0000000,0x00000000edc00000,0x00000000edc00000)
  from space 144384K, 18% used [0x00000000f6580000,0x00000000f80041f0,0x00000000ff280000)
  to   space 140800K, 0% used [0x00000000edc00000,0x00000000edc00000,0x00000000f6580000)
 ParOldGen       total 655360K, used 438109K [0x00000000a0000000, 0x00000000c8000000, 0x00000000e0000000)
  object space 655360K, 66% used [0x00000000a0000000,0x00000000babd75b8,0x00000000c8000000)
 Metaspace       used 153253K, capacity 156920K, committed 158424K, reserved 1187840K
  class space    used 18636K, capacity 19475K, committed 19712K, reserved 1048576K
Event: 9205.106 GC heap after
Heap after GC invocations=47 (full 6):
 PSYoungGen      total 366080K, used 41816K [0x00000000e0000000, 0x00000000fef80000, 0x0000000100000000)
  eden space 225280K, 0% used [0x00000000e0000000,0x00000000e0000000,0x00000000edc00000)
  from space 140800K, 29% used [0x00000000edc00000,0x00000000f04d6398,0x00000000f6580000)
  to   space 134144K, 0% used [0x00000000f6c80000,0x00000000f6c80000,0x00000000fef80000)
 ParOldGen       total 655360K, used 459156K [0x00000000a0000000, 0x00000000c8000000, 0x00000000e0000000)
  object space 655360K, 70% used [0x00000000a0000000,0x00000000bc065268,0x00000000c8000000)
 Metaspace       used 153253K, capacity 156920K, committed 158424K, reserved 1187840K
  class space    used 18636K, capacity 19475K, committed 19712K, reserved 1048576K
}
Event: 9207.295 GC heap before
{Heap before GC invocations=48 (full 6):
 PSYoungGen      total 366080K, used 263610K [0x00000000e0000000, 0x00000000fef80000, 0x0000000100000000)
  eden space 225280K, 98% used [0x00000000e0000000,0x00000000ed8984c8,0x00000000edc00000)
  from space 140800K, 29% used [0x00000000edc00000,0x00000000f04d6398,0x00000000f6580000)
  to   space 134144K, 0% used [0x00000000f6c80000,0x00000000f6c80000,0x00000000fef80000)
 ParOldGen       total 655360K, used 459156K [0x00000000a0000000, 0x00000000c8000000, 0x00000000e0000000)
  object space 655360K, 70% used [0x00000000a0000000,0x00000000bc065268,0x00000000c8000000)
 Metaspace       used 153321K, capacity 156984K, committed 158424K, reserved 1187840K
  class space    used 18636K, capacity 19475K, committed 19712K, reserved 1048576K
Event: 9207.391 GC heap after
Heap after GC invocations=48 (full 6):
 PSYoungGen      total 365568K, used 94733K [0x00000000e0000000, 0x0000000100000000, 0x0000000100000000)
  eden space 231424K, 0% used [0x00000000e0000000,0x00000000e0000000,0x00000000ee200000)
  from space 134144K, 70% used [0x00000000f6c80000,0x00000000fc903450,0x00000000fef80000)
  to   space 141824K, 0% used [0x00000000ee200000,0x00000000ee200000,0x00000000f6c80000)
 ParOldGen       total 655360K, used 459156K [0x00000000a0000000, 0x00000000c8000000, 0x00000000e0000000)
  object space 655360K, 70% used [0x00000000a0000000,0x00000000bc065268,0x00000000c8000000)
 Metaspace       used 153321K, capacity 156984K, committed 158424K, reserved 1187840K
  class space    used 18636K, capacity 19475K, committed 19712K, reserved 1048576K
}
Event: 9570.711 GC heap before
{Heap before GC invocations=49 (full 6):
 PSYoungGen      total 365568K, used 326157K [0x00000000e0000000, 0x0000000100000000, 0x0000000100000000)
  eden space 231424K, 100% used [0x00000000e0000000,0x00000000ee200000,0x00000000ee200000)
  from space 134144K, 70% used [0x00000000f6c80000,0x00000000fc903450,0x00000000fef80000)
  to   space 141824K, 0% used [0x00000000ee200000,0x00000000ee200000,0x00000000f6c80000)
 ParOldGen       total 655360K, used 459156K [0x00000000a0000000, 0x00000000c8000000, 0x00000000e0000000)
  object space 655360K, 70% used [0x00000000a0000000,0x00000000bc065268,0x00000000c8000000)
 Metaspace       used 153381K, capacity 157080K, committed 158424K, reserved 1187840K
  class space    used 18638K, capacity 19479K, committed 19712K, reserved 1048576K
Event: 9570.802 GC heap after
Heap after GC invocations=49 (full 6):
 PSYoungGen      total 373248K, used 6438K [0x00000000e0000000, 0x0000000100000000, 0x0000000100000000)
  eden space 231424K, 0% used [0x00000000e0000000,0x00000000e0000000,0x00000000ee200000)
  from space 141824K, 4% used [0x00000000ee200000,0x00000000ee8499b8,0x00000000f6c80000)
  to   space 141824K, 0% used [0x00000000f7580000,0x00000000f7580000,0x0000000100000000)
 ParOldGen       total 655360K, used 492903K [0x00000000a0000000, 0x00000000c8000000, 0x00000000e0000000)
  object space 655360K, 75% used [0x00000000a0000000,0x00000000be159ff8,0x00000000c8000000)
 Metaspace       used 153381K, capacity 157080K, committed 158424K, reserved 1187840K
  class space    used 18638K, capacity 19479K, committed 19712K, reserved 1048576K
}
Event: 11009.496 GC heap before
{Heap before GC invocations=50 (full 6):
 PSYoungGen      total 373248K, used 237862K [0x00000000e0000000, 0x0000000100000000, 0x0000000100000000)
  eden space 231424K, 100% used [0x00000000e0000000,0x00000000ee200000,0x00000000ee200000)
  from space 141824K, 4% used [0x00000000ee200000,0x00000000ee8499b8,0x00000000f6c80000)
  to   space 141824K, 0% used [0x00000000f7580000,0x00000000f7580000,0x0000000100000000)
 ParOldGen       total 655360K, used 492903K [0x00000000a0000000, 0x00000000c8000000, 0x00000000e0000000)
  object space 655360K, 75% used [0x00000000a0000000,0x00000000be159ff8,0x00000000c8000000)
 Metaspace       used 156568K, capacity 160488K, committed 161368K, reserved 1189888K
  class space    used 18988K, capacity 19853K, committed 20096K, reserved 1048576K
Event: 11009.522 GC heap after
Heap after GC invocations=50 (full 6):
 PSYoungGen      total 374272K, used 19846K [0x00000000e0000000, 0x00000000ff800000, 0x0000000100000000)
  eden space 240640K, 0% used [0x00000000e0000000,0x00000000e0000000,0x00000000eeb00000)
  from space 133632K, 14% used [0x00000000f7580000,0x00000000f88e18a8,0x00000000ff800000)
  to   space 137728K, 0% used [0x00000000eeb00000,0x00000000eeb00000,0x00000000f7180000)
 ParOldGen       total 655360K, used 492911K [0x00000000a0000000, 0x00000000c8000000, 0x00000000e0000000)
  object space 655360K, 75% used [0x00000000a0000000,0x00000000be15bff8,0x00000000c8000000)
 Metaspace       used 156568K, capacity 160488K, committed 161368K, reserved 1189888K
  class space    used 18988K, capacity 19853K, committed 20096K, reserved 1048576K
}
Event: 11570.043 GC heap before
{Heap before GC invocations=51 (full 6):
 PSYoungGen      total 374272K, used 260476K [0x00000000e0000000, 0x00000000ff800000, 0x0000000100000000)
  eden space 240640K, 99% used [0x00000000e0000000,0x00000000eeafd9f8,0x00000000eeb00000)
  from space 133632K, 14% used [0x00000000f7580000,0x00000000f88e18a8,0x00000000ff800000)
  to   space 137728K, 0% used [0x00000000eeb00000,0x00000000eeb00000,0x00000000f7180000)
 ParOldGen       total 655360K, used 492911K [0x00000000a0000000, 0x00000000c8000000, 0x00000000e0000000)
  object space 655360K, 75% used [0x00000000a0000000,0x00000000be15bff8,0x00000000c8000000)
 Metaspace       used 165288K, capacity 170092K, committed 170328K, reserved 1198080K
  class space    used 20068K, capacity 21043K, committed 21120K, reserved 1048576K
Event: 11570.099 GC heap after
Heap after GC invocations=51 (full 6):
 PSYoungGen      total 378368K, used 59437K [0x00000000e0000000, 0x00000000ffb00000, 0x0000000100000000)
  eden space 240640K, 0% used [0x00000000e0000000,0x00000000e0000000,0x00000000eeb00000)
  from space 137728K, 43% used [0x00000000eeb00000,0x00000000f250b598,0x00000000f7180000)
  to   space 133120K, 0% used [0x00000000f7900000,0x00000000f7900000,0x00000000ffb00000)
 ParOldGen       total 655360K, used 492919K [0x00000000a0000000, 0x00000000c8000000, 0x00000000e0000000)
  object space 655360K, 75% used [0x00000000a0000000,0x00000000be15dff8,0x00000000c8000000)
 Metaspace       used 165288K, capacity 170092K, committed 170328K, reserved 1198080K
  class space    used 20068K, capacity 21043K, committed 21120K, reserved 1048576K
}

