# JRE version: OpenJDK Runtime Environment (8.0_152-b02) (build 1.8.0_152-release-1024-b02)
# Java VM: OpenJDK 64-Bit Server VM (25.152-b02 mixed mode windows-amd64 compressed oops)
Heap:
 PSYoungGen      total 301056K, used 272011K [0x00000000e0000000, 0x00000000ff580000, 0x0000000100000000)
  eden space 279552K, 89% used [0x00000000e0000000,0x00000000ef4dbf38,0x00000000f1100000)
  from space 21504K, 98% used [0x00000000f1100000,0x00000000f25c6eb8,0x00000000f2600000)
  to   space 114688K, 0% used [0x00000000f8580000,0x00000000f8580000,0x00000000ff580000)
 ParOldGen       total 455168K, used 398651K [0x00000000a0000000, 0x00000000bbc80000, 0x00000000e0000000)
  object space 455168K, 87% used [0x00000000a0000000,0x00000000b854eeb0,0x00000000bbc80000)
 Metaspace       used 127994K, capacity 132974K, committed 133208K, reserved 1165312K
  class space    used 15690K, capacity 16656K, committed 16768K, reserved 1048576K
GC Heap History (10 events):
Event: 3649.957 GC heap before
{Heap before GC invocations=40 (full 5):
 PSYoungGen      total 379904K, used 283817K [0x00000000e0000000, 0x0000000100000000, 0x0000000100000000)
  eden space 242176K, 100% used [0x00000000e0000000,0x00000000eec80000,0x00000000eec80000)
  from space 137728K, 30% used [0x00000000f6a00000,0x00000000f92aa4e8,0x00000000ff080000)
  to   space 128512K, 0% used [0x00000000eec80000,0x00000000eec80000,0x00000000f6a00000)
 ParOldGen       total 455168K, used 299884K [0x00000000a0000000, 0x00000000bbc80000, 0x00000000e0000000)
  object space 455168K, 65% used [0x00000000a0000000,0x00000000b24db2d0,0x00000000bbc80000)
 Metaspace       used 126706K, capacity 130984K, committed 131160K, reserved 1163264K
  class space    used 15546K, capacity 16425K, committed 16512K, reserved 1048576K
Event: 3650.111 GC heap after
Heap after GC invocations=40 (full 5):
 PSYoungGen      total 370688K, used 49502K [0x00000000e0000000, 0x00000000feb00000, 0x0000000100000000)
  eden space 242176K, 0% used [0x00000000e0000000,0x00000000e0000000,0x00000000eec80000)
  from space 128512K, 38% used [0x00000000eec80000,0x00000000f1cd7820,0x00000000f6a00000)
  to   space 122368K, 0% used [0x00000000f7380000,0x00000000f7380000,0x00000000feb00000)
 ParOldGen       total 455168K, used 334642K [0x00000000a0000000, 0x00000000bbc80000, 0x00000000e0000000)
  object space 455168K, 73% used [0x00000000a0000000,0x00000000b46cca98,0x00000000bbc80000)
 Metaspace       used 126706K, capacity 130984K, committed 131160K, reserved 1163264K
  class space    used 15546K, capacity 16425K, committed 16512K, reserved 1048576K
}
Event: 3653.831 GC heap before
{Heap before GC invocations=41 (full 5):
 PSYoungGen      total 370688K, used 291678K [0x00000000e0000000, 0x00000000feb00000, 0x0000000100000000)
  eden space 242176K, 100% used [0x00000000e0000000,0x00000000eec80000,0x00000000eec80000)
  from space 128512K, 38% used [0x00000000eec80000,0x00000000f1cd7820,0x00000000f6a00000)
  to   space 122368K, 0% used [0x00000000f7380000,0x00000000f7380000,0x00000000feb00000)
 ParOldGen       total 455168K, used 334642K [0x00000000a0000000, 0x00000000bbc80000, 0x00000000e0000000)
  object space 455168K, 73% used [0x00000000a0000000,0x00000000b46cca98,0x00000000bbc80000)
 Metaspace       used 126834K, capacity 131124K, committed 131416K, reserved 1165312K
  class space    used 15556K, capacity 16427K, committed 16512K, reserved 1048576K
Event: 3653.918 GC heap after
Heap after GC invocations=41 (full 5):
 PSYoungGen      total 379392K, used 67363K [0x00000000e0000000, 0x00000000ffc00000, 0x0000000100000000)
  eden space 257024K, 0% used [0x00000000e0000000,0x00000000e0000000,0x00000000efb00000)
  from space 122368K, 55% used [0x00000000f7380000,0x00000000fb548e50,0x00000000feb00000)
  to   space 123392K, 0% used [0x00000000efb00000,0x00000000efb00000,0x00000000f7380000)
 ParOldGen       total 455168K, used 366127K [0x00000000a0000000, 0x00000000bbc80000, 0x00000000e0000000)
  object space 455168K, 80% used [0x00000000a0000000,0x00000000b658be08,0x00000000bbc80000)
 Metaspace       used 126834K, capacity 131124K, committed 131416K, reserved 1165312K
  class space    used 15556K, capacity 16427K, committed 16512K, reserved 1048576K
}
Event: 3655.316 GC heap before
{Heap before GC invocations=42 (full 5):
 PSYoungGen      total 379392K, used 324214K [0x00000000e0000000, 0x00000000ffc00000, 0x0000000100000000)
  eden space 257024K, 99% used [0x00000000e0000000,0x00000000efad4c10,0x00000000efb00000)
  from space 122368K, 55% used [0x00000000f7380000,0x00000000fb548e50,0x00000000feb00000)
  to   space 123392K, 0% used [0x00000000efb00000,0x00000000efb00000,0x00000000f7380000)
 ParOldGen       total 455168K, used 366383K [0x00000000a0000000, 0x00000000bbc80000, 0x00000000e0000000)
  object space 455168K, 80% used [0x00000000a0000000,0x00000000b65cbe18,0x00000000bbc80000)
 Metaspace       used 126878K, capacity 131194K, committed 131416K, reserved 1165312K
  class space    used 15562K, capacity 16438K, committed 16512K, reserved 1048576K
Event: 3655.340 GC heap after
Heap after GC invocations=42 (full 5):
 PSYoungGen      total 380416K, used 15405K [0x00000000e0000000, 0x00000000ffc00000, 0x0000000100000000)
  eden space 257024K, 0% used [0x00000000e0000000,0x00000000e0000000,0x00000000efb00000)
  from space 123392K, 12% used [0x00000000efb00000,0x00000000f0a0b410,0x00000000f7380000)
  to   space 120832K, 0% used [0x00000000f8600000,0x00000000f8600000,0x00000000ffc00000)
 ParOldGen       total 455168K, used 391370K [0x00000000a0000000, 0x00000000bbc80000, 0x00000000e0000000)
  object space 455168K, 85% used [0x00000000a0000000,0x00000000b7e32928,0x00000000bbc80000)
 Metaspace       used 126878K, capacity 131194K, committed 131416K, reserved 1165312K
  class space    used 15562K, capacity 16438K, committed 16512K, reserved 1048576K
}
Event: 4526.474 GC heap before
{Heap before GC invocations=43 (full 5):
 PSYoungGen      total 380416K, used 272429K [0x00000000e0000000, 0x00000000ffc00000, 0x0000000100000000)
  eden space 257024K, 100% used [0x00000000e0000000,0x00000000efb00000,0x00000000efb00000)
  from space 123392K, 12% used [0x00000000efb00000,0x00000000f0a0b410,0x00000000f7380000)
  to   space 120832K, 0% used [0x00000000f8600000,0x00000000f8600000,0x00000000ffc00000)
 ParOldGen       total 455168K, used 391381K [0x00000000a0000000, 0x00000000bbc80000, 0x00000000e0000000)
  object space 455168K, 85% used [0x00000000a0000000,0x00000000b7e355a0,0x00000000bbc80000)
 Metaspace       used 127557K, capacity 132530K, committed 132696K, reserved 1165312K
  class space    used 15674K, capacity 16648K, committed 16768K, reserved 1048576K
Event: 4526.503 GC heap after
Heap after GC invocations=43 (full 5):
 PSYoungGen      total 399872K, used 2735K [0x00000000e0000000, 0x00000000ffb80000, 0x0000000100000000)
  eden space 279552K, 0% used [0x00000000e0000000,0x00000000e0000000,0x00000000f1100000)
  from space 120320K, 2% used [0x00000000f8600000,0x00000000f88abe70,0x00000000ffb80000)
  to   space 119808K, 0% used [0x00000000f1100000,0x00000000f1100000,0x00000000f8600000)
 ParOldGen       total 455168K, used 398086K [0x00000000a0000000, 0x00000000bbc80000, 0x00000000e0000000)
  object space 455168K, 87% used [0x00000000a0000000,0x00000000b84c1b18,0x00000000bbc80000)
 Metaspace       used 127557K, capacity 132530K, committed 132696K, reserved 1165312K
  class space    used 15674K, capacity 16648K, committed 16768K, reserved 1048576K
}
Event: 4584.164 GC heap before
{Heap before GC invocations=44 (full 5):
 PSYoungGen      total 399872K, used 282287K [0x00000000e0000000, 0x00000000ffb80000, 0x0000000100000000)
  eden space 279552K, 100% used [0x00000000e0000000,0x00000000f1100000,0x00000000f1100000)
  from space 120320K, 2% used [0x00000000f8600000,0x00000000f88abe70,0x00000000ffb80000)
  to   space 119808K, 0% used [0x00000000f1100000,0x00000000f1100000,0x00000000f8600000)
 ParOldGen       total 455168K, used 398086K [0x00000000a0000000, 0x00000000bbc80000, 0x00000000e0000000)
  object space 455168K, 87% used [0x00000000a0000000,0x00000000b84c1b18,0x00000000bbc80000)
 Metaspace       used 127881K, capacity 132846K, committed 133208K, reserved 1165312K
  class space    used 15690K, capacity 16656K, committed 16768K, reserved 1048576K
Event: 4584.187 GC heap after
Heap after GC invocations=44 (full 5):
 PSYoungGen      total 301056K, used 21275K [0x00000000e0000000, 0x00000000ff580000, 0x0000000100000000)
  eden space 279552K, 0% used [0x00000000e0000000,0x00000000e0000000,0x00000000f1100000)
  from space 21504K, 98% used [0x00000000f1100000,0x00000000f25c6eb8,0x00000000f2600000)
  to   space 114688K, 0% used [0x00000000f8580000,0x00000000f8580000,0x00000000ff580000)
 ParOldGen       total 455168K, used 398651K [0x00000000a0000000, 0x00000000bbc80000, 0x00000000e0000000)
  object space 455168K, 87% used [0x00000000a0000000,0x00000000b854eeb0,0x00000000bbc80000)
 Metaspace       used 127881K, capacity 132846K, committed 133208K, reserved 1165312K
  class space    used 15690K, capacity 16656K, committed 16768K, reserved 1048576K
}

