# JRE version: OpenJDK Runtime Environment (8.0_152-b02) (build 1.8.0_152-release-1024-b02)
# Java VM: OpenJDK 64-Bit Server VM (25.152-b02 mixed mode windows-amd64 compressed oops)
Heap:
 PSYoungGen      total 349696K, used 106320K [0x00000000e0000000, 0x00000000ffa00000, 0x0000000100000000)
  eden space 184320K, 54% used [0x00000000e0000000,0x00000000e626ed30,0x00000000eb400000)
  from space 165376K, 3% used [0x00000000eb400000,0x00000000eb965318,0x00000000f5580000)
  to   space 166912K, 0% used [0x00000000f5700000,0x00000000f5700000,0x00000000ffa00000)
 ParOldGen       total 337920K, used 132842K [0x00000000a0000000, 0x00000000b4a00000, 0x00000000e0000000)
  object space 337920K, 39% used [0x00000000a0000000,0x00000000a81baac8,0x00000000b4a00000)
 Metaspace       used 103161K, capacity 109116K, committed 121236K, reserved 1153024K
  class space    used 12945K, capacity 14175K, committed 17084K, reserved 1048576K
GC Heap History (10 events):
Event: 2068.469 GC heap before
{Heap before GC invocations=41 (full 5):
 PSYoungGen      total 394240K, used 394224K [0x00000000e0000000, 0x0000000100000000, 0x0000000100000000)
  eden space 264192K, 100% used [0x00000000e0000000,0x00000000f0200000,0x00000000f0200000)
  from space 130048K, 99% used [0x00000000f0200000,0x00000000f80fc3c0,0x00000000f8100000)
  to   space 130048K, 0% used [0x00000000f8100000,0x00000000f8100000,0x0000000100000000)
 ParOldGen       total 410624K, used 314002K [0x00000000a0000000, 0x00000000b9100000, 0x00000000e0000000)
  object space 410624K, 76% used [0x00000000a0000000,0x00000000b32a4850,0x00000000b9100000)
 Metaspace       used 126589K, capacity 131896K, committed 132116K, reserved 1165312K
  class space    used 15661K, capacity 16849K, committed 16956K, reserved 1048576K
Event: 2068.700 GC heap after
Heap after GC invocations=41 (full 5):
 PSYoungGen      total 322560K, used 108276K [0x00000000e0000000, 0x0000000100000000, 0x0000000100000000)
  eden space 192512K, 0% used [0x00000000e0000000,0x00000000e0000000,0x00000000ebc00000)
  from space 130048K, 83% used [0x00000000f8100000,0x00000000feabd290,0x0000000100000000)
  to   space 165888K, 0% used [0x00000000ebc00000,0x00000000ebc00000,0x00000000f5e00000)
 ParOldGen       total 410624K, used 319000K [0x00000000a0000000, 0x00000000b9100000, 0x00000000e0000000)
  object space 410624K, 77% used [0x00000000a0000000,0x00000000b37860c0,0x00000000b9100000)
 Metaspace       used 126589K, capacity 131896K, committed 132116K, reserved 1165312K
  class space    used 15661K, capacity 16849K, committed 16956K, reserved 1048576K
}
Event: 2069.270 GC heap before
{Heap before GC invocations=42 (full 5):
 PSYoungGen      total 322560K, used 300190K [0x00000000e0000000, 0x0000000100000000, 0x0000000100000000)
  eden space 192512K, 99% used [0x00000000e0000000,0x00000000ebb6a708,0x00000000ebc00000)
  from space 130048K, 83% used [0x00000000f8100000,0x00000000feabd290,0x0000000100000000)
  to   space 165888K, 0% used [0x00000000ebc00000,0x00000000ebc00000,0x00000000f5e00000)
 ParOldGen       total 410624K, used 319000K [0x00000000a0000000, 0x00000000b9100000, 0x00000000e0000000)
  object space 410624K, 77% used [0x00000000a0000000,0x00000000b37860c0,0x00000000b9100000)
 Metaspace       used 126648K, capacity 131974K, committed 132116K, reserved 1165312K
  class space    used 15661K, capacity 16850K, committed 16956K, reserved 1048576K
Event: 2069.531 GC heap after
Heap after GC invocations=42 (full 5):
 PSYoungGen      total 307712K, used 114958K [0x00000000e0000000, 0x0000000100000000, 0x0000000100000000)
  eden space 192512K, 0% used [0x00000000e0000000,0x00000000e0000000,0x00000000ebc00000)
  from space 115200K, 99% used [0x00000000ebc00000,0x00000000f2c43af0,0x00000000f2c80000)
  to   space 174592K, 0% used [0x00000000f5580000,0x00000000f5580000,0x0000000100000000)
 ParOldGen       total 410624K, used 320524K [0x00000000a0000000, 0x00000000b9100000, 0x00000000e0000000)
  object space 410624K, 78% used [0x00000000a0000000,0x00000000b3903300,0x00000000b9100000)
 Metaspace       used 126648K, capacity 131974K, committed 132116K, reserved 1165312K
  class space    used 15661K, capacity 16850K, committed 16956K, reserved 1048576K
}
Event: 2069.564 GC heap before
{Heap before GC invocations=43 (full 5):
 PSYoungGen      total 307712K, used 306762K [0x00000000e0000000, 0x0000000100000000, 0x0000000100000000)
  eden space 192512K, 99% used [0x00000000e0000000,0x00000000ebb4ee80,0x00000000ebc00000)
  from space 115200K, 99% used [0x00000000ebc00000,0x00000000f2c43af0,0x00000000f2c80000)
  to   space 174592K, 0% used [0x00000000f5580000,0x00000000f5580000,0x0000000100000000)
 ParOldGen       total 410624K, used 320524K [0x00000000a0000000, 0x00000000b9100000, 0x00000000e0000000)
  object space 410624K, 78% used [0x00000000a0000000,0x00000000b3903300,0x00000000b9100000)
 Metaspace       used 126650K, capacity 131974K, committed 132116K, reserved 1165312K
  class space    used 15661K, capacity 16850K, committed 16956K, reserved 1048576K
Event: 2069.771 GC heap after
Heap after GC invocations=43 (full 5):
 PSYoungGen      total 358912K, used 61712K [0x00000000e0000000, 0x0000000100000000, 0x0000000100000000)
  eden space 184320K, 0% used [0x00000000e0000000,0x00000000e0000000,0x00000000eb400000)
  from space 174592K, 35% used [0x00000000f5580000,0x00000000f91c40d8,0x0000000100000000)
  to   space 165376K, 0% used [0x00000000eb400000,0x00000000eb400000,0x00000000f5580000)
 ParOldGen       total 410624K, used 366224K [0x00000000a0000000, 0x00000000b9100000, 0x00000000e0000000)
  object space 410624K, 89% used [0x00000000a0000000,0x00000000b65a4048,0x00000000b9100000)
 Metaspace       used 126650K, capacity 131974K, committed 132116K, reserved 1165312K
  class space    used 15661K, capacity 16850K, committed 16956K, reserved 1048576K
}
Event: 2069.771 GC heap before
{Heap before GC invocations=44 (full 6):
 PSYoungGen      total 358912K, used 61712K [0x00000000e0000000, 0x0000000100000000, 0x0000000100000000)
  eden space 184320K, 0% used [0x00000000e0000000,0x00000000e0000000,0x00000000eb400000)
  from space 174592K, 35% used [0x00000000f5580000,0x00000000f91c40d8,0x0000000100000000)
  to   space 165376K, 0% used [0x00000000eb400000,0x00000000eb400000,0x00000000f5580000)
 ParOldGen       total 410624K, used 366224K [0x00000000a0000000, 0x00000000b9100000, 0x00000000e0000000)
  object space 410624K, 89% used [0x00000000a0000000,0x00000000b65a4048,0x00000000b9100000)
 Metaspace       used 126650K, capacity 131974K, committed 132116K, reserved 1165312K
  class space    used 15661K, capacity 16850K, committed 16956K, reserved 1048576K
Event: 2070.788 GC heap after
Heap after GC invocations=44 (full 6):
 PSYoungGen      total 358912K, used 0K [0x00000000e0000000, 0x0000000100000000, 0x0000000100000000)
  eden space 184320K, 0% used [0x00000000e0000000,0x00000000e0000000,0x00000000eb400000)
  from space 174592K, 0% used [0x00000000f5580000,0x00000000f5580000,0x0000000100000000)
  to   space 165376K, 0% used [0x00000000eb400000,0x00000000eb400000,0x00000000f5580000)
 ParOldGen       total 337920K, used 132834K [0x00000000a0000000, 0x00000000b4a00000, 0x00000000e0000000)
  object space 337920K, 39% used [0x00000000a0000000,0x00000000a81b8ac8,0x00000000b4a00000)
 Metaspace       used 102232K, capacity 107216K, committed 119828K, reserved 1153024K
  class space    used 12783K, capacity 13881K, committed 16956K, reserved 1048576K
}
Event: 4516.989 GC heap before
{Heap before GC invocations=45 (full 6):
 PSYoungGen      total 358912K, used 184320K [0x00000000e0000000, 0x0000000100000000, 0x0000000100000000)
  eden space 184320K, 100% used [0x00000000e0000000,0x00000000eb400000,0x00000000eb400000)
  from space 174592K, 0% used [0x00000000f5580000,0x00000000f5580000,0x0000000100000000)
  to   space 165376K, 0% used [0x00000000eb400000,0x00000000eb400000,0x00000000f5580000)
 ParOldGen       total 337920K, used 132834K [0x00000000a0000000, 0x00000000b4a00000, 0x00000000e0000000)
  object space 337920K, 39% used [0x00000000a0000000,0x00000000a81b8ac8,0x00000000b4a00000)
 Metaspace       used 103094K, capacity 109052K, committed 121236K, reserved 1153024K
  class space    used 12944K, capacity 14175K, committed 17084K, reserved 1048576K
Event: 4517.010 GC heap after
Heap after GC invocations=45 (full 6):
 PSYoungGen      total 349696K, used 5524K [0x00000000e0000000, 0x00000000ffa00000, 0x0000000100000000)
  eden space 184320K, 0% used [0x00000000e0000000,0x00000000e0000000,0x00000000eb400000)
  from space 165376K, 3% used [0x00000000eb400000,0x00000000eb965318,0x00000000f5580000)
  to   space 166912K, 0% used [0x00000000f5700000,0x00000000f5700000,0x00000000ffa00000)
 ParOldGen       total 337920K, used 132842K [0x00000000a0000000, 0x00000000b4a00000, 0x00000000e0000000)
  object space 337920K, 39% used [0x00000000a0000000,0x00000000a81baac8,0x00000000b4a00000)
 Metaspace       used 103094K, capacity 109052K, committed 121236K, reserved 1153024K
  class space    used 12944K, capacity 14175K, committed 17084K, reserved 1048576K
}

