# JRE version: OpenJDK Runtime Environment (8.0_152-b02) (build 1.8.0_152-release-1024-b02)
# Java VM: OpenJDK 64-Bit Server VM (25.152-b02 mixed mode windows-amd64 compressed oops)
Heap:
 PSYoungGen      total 424448K, used 129180K [0x00000000e0000000, 0x00000000fff00000, 0x0000000100000000)
  eden space 326656K, 37% used [0x00000000e0000000,0x00000000e7885590,0x00000000f3f00000)
  from space 97792K, 5% used [0x00000000f9f80000,0x00000000fa521be0,0x00000000fff00000)
  to   space 98304K, 0% used [0x00000000f3f00000,0x00000000f3f00000,0x00000000f9f00000)
 ParOldGen       total 322560K, used 210241K [0x00000000a0000000, 0x00000000b3b00000, 0x00000000e0000000)
  object space 322560K, 65% used [0x00000000a0000000,0x00000000acd50700,0x00000000b3b00000)
 Metaspace       used 97418K, capacity 104168K, committed 104408K, reserved 1140736K
  class space    used 12477K, capacity 13961K, committed 14080K, reserved 1048576K
GC Heap History (10 events):
Event: 1484.221 GC heap before
{Heap before GC invocations=22 (full 4):
 PSYoungGen      total 379392K, used 336075K [0x00000000e0000000, 0x00000000ff900000, 0x0000000100000000)
  eden space 283648K, 100% used [0x00000000e0000000,0x00000000f1500000,0x00000000f1500000)
  from space 95744K, 54% used [0x00000000f1500000,0x00000000f4832f50,0x00000000f7280000)
  to   space 95744K, 0% used [0x00000000f9b80000,0x00000000f9b80000,0x00000000ff900000)
 ParOldGen       total 322560K, used 162928K [0x00000000a0000000, 0x00000000b3b00000, 0x00000000e0000000)
  object space 322560K, 50% used [0x00000000a0000000,0x00000000a9f1c280,0x00000000b3b00000)
 Metaspace       used 95616K, capacity 100800K, committed 101080K, reserved 1136640K
  class space    used 12239K, capacity 13507K, committed 13568K, reserved 1048576K
Event: 1484.285 GC heap after
Heap after GC invocations=22 (full 4):
 PSYoungGen      total 408064K, used 52745K [0x00000000e0000000, 0x00000000ff300000, 0x0000000100000000)
  eden space 318464K, 0% used [0x00000000e0000000,0x00000000e0000000,0x00000000f3700000)
  from space 89600K, 58% used [0x00000000f9b80000,0x00000000fcf02420,0x00000000ff300000)
  to   space 96256K, 0% used [0x00000000f3700000,0x00000000f3700000,0x00000000f9500000)
 ParOldGen       total 322560K, used 162928K [0x00000000a0000000, 0x00000000b3b00000, 0x00000000e0000000)
  object space 322560K, 50% used [0x00000000a0000000,0x00000000a9f1c280,0x00000000b3b00000)
 Metaspace       used 95616K, capacity 100800K, committed 101080K, reserved 1136640K
  class space    used 12239K, capacity 13507K, committed 13568K, reserved 1048576K
}
Event: 1609.842 GC heap before
{Heap before GC invocations=23 (full 4):
 PSYoungGen      total 408064K, used 371209K [0x00000000e0000000, 0x00000000ff300000, 0x0000000100000000)
  eden space 318464K, 100% used [0x00000000e0000000,0x00000000f3700000,0x00000000f3700000)
  from space 89600K, 58% used [0x00000000f9b80000,0x00000000fcf02420,0x00000000ff300000)
  to   space 96256K, 0% used [0x00000000f3700000,0x00000000f3700000,0x00000000f9500000)
 ParOldGen       total 322560K, used 162928K [0x00000000a0000000, 0x00000000b3b00000, 0x00000000e0000000)
  object space 322560K, 50% used [0x00000000a0000000,0x00000000a9f1c280,0x00000000b3b00000)
 Metaspace       used 96610K, capacity 102834K, committed 103128K, reserved 1138688K
  class space    used 12383K, capacity 13770K, committed 13824K, reserved 1048576K
Event: 1609.897 GC heap after
Heap after GC invocations=23 (full 4):
 PSYoungGen      total 414720K, used 54937K [0x00000000e0000000, 0x0000000100000000, 0x0000000100000000)
  eden space 318464K, 0% used [0x00000000e0000000,0x00000000e0000000,0x00000000f3700000)
  from space 96256K, 57% used [0x00000000f3700000,0x00000000f6ca65b0,0x00000000f9500000)
  to   space 96256K, 0% used [0x00000000fa200000,0x00000000fa200000,0x0000000100000000)
 ParOldGen       total 322560K, used 162928K [0x00000000a0000000, 0x00000000b3b00000, 0x00000000e0000000)
  object space 322560K, 50% used [0x00000000a0000000,0x00000000a9f1c280,0x00000000b3b00000)
 Metaspace       used 96610K, capacity 102834K, committed 103128K, reserved 1138688K
  class space    used 12383K, capacity 13770K, committed 13824K, reserved 1048576K
}
Event: 1610.339 GC heap before
{Heap before GC invocations=24 (full 4):
 PSYoungGen      total 414720K, used 372581K [0x00000000e0000000, 0x0000000100000000, 0x0000000100000000)
  eden space 318464K, 99% used [0x00000000e0000000,0x00000000f3632ea0,0x00000000f3700000)
  from space 96256K, 57% used [0x00000000f3700000,0x00000000f6ca65b0,0x00000000f9500000)
  to   space 96256K, 0% used [0x00000000fa200000,0x00000000fa200000,0x0000000100000000)
 ParOldGen       total 322560K, used 162928K [0x00000000a0000000, 0x00000000b3b00000, 0x00000000e0000000)
  object space 322560K, 50% used [0x00000000a0000000,0x00000000a9f1c280,0x00000000b3b00000)
 Metaspace       used 96709K, capacity 102876K, committed 103128K, reserved 1138688K
  class space    used 12386K, capacity 13775K, committed 13824K, reserved 1048576K
Event: 1610.388 GC heap after
Heap after GC invocations=24 (full 4):
 PSYoungGen      total 422912K, used 62399K [0x00000000e0000000, 0x0000000100000000, 0x0000000100000000)
  eden space 326656K, 0% used [0x00000000e0000000,0x00000000e0000000,0x00000000f3f00000)
  from space 96256K, 64% used [0x00000000fa200000,0x00000000fdeefd08,0x0000000100000000)
  to   space 98816K, 0% used [0x00000000f3f00000,0x00000000f3f00000,0x00000000f9f80000)
 ParOldGen       total 322560K, used 162936K [0x00000000a0000000, 0x00000000b3b00000, 0x00000000e0000000)
  object space 322560K, 50% used [0x00000000a0000000,0x00000000a9f1e280,0x00000000b3b00000)
 Metaspace       used 96709K, capacity 102876K, committed 103128K, reserved 1138688K
  class space    used 12386K, capacity 13775K, committed 13824K, reserved 1048576K
}
Event: 1610.413 GC heap before
{Heap before GC invocations=25 (full 4):
 PSYoungGen      total 422912K, used 388499K [0x00000000e0000000, 0x0000000100000000, 0x0000000100000000)
  eden space 326656K, 99% used [0x00000000e0000000,0x00000000f3e74f30,0x00000000f3f00000)
  from space 96256K, 64% used [0x00000000fa200000,0x00000000fdeefd08,0x0000000100000000)
  to   space 98816K, 0% used [0x00000000f3f00000,0x00000000f3f00000,0x00000000f9f80000)
 ParOldGen       total 322560K, used 162936K [0x00000000a0000000, 0x00000000b3b00000, 0x00000000e0000000)
  object space 322560K, 50% used [0x00000000a0000000,0x00000000a9f1e280,0x00000000b3b00000)
 Metaspace       used 96716K, capacity 102940K, committed 103128K, reserved 1138688K
  class space    used 12386K, capacity 13775K, committed 13824K, reserved 1048576K
Event: 1610.462 GC heap after
Heap after GC invocations=25 (full 4):
 PSYoungGen      total 425472K, used 11044K [0x00000000e0000000, 0x0000000100000000, 0x0000000100000000)
  eden space 326656K, 0% used [0x00000000e0000000,0x00000000e0000000,0x00000000f3f00000)
  from space 98816K, 11% used [0x00000000f3f00000,0x00000000f49c91a8,0x00000000f9f80000)
  to   space 98816K, 0% used [0x00000000f9f80000,0x00000000f9f80000,0x0000000100000000)
 ParOldGen       total 322560K, used 207331K [0x00000000a0000000, 0x00000000b3b00000, 0x00000000e0000000)
  object space 322560K, 64% used [0x00000000a0000000,0x00000000aca78d50,0x00000000b3b00000)
 Metaspace       used 96716K, capacity 102940K, committed 103128K, reserved 1138688K
  class space    used 12386K, capacity 13775K, committed 13824K, reserved 1048576K
}
Event: 1701.587 GC heap before
{Heap before GC invocations=26 (full 4):
 PSYoungGen      total 425472K, used 337700K [0x00000000e0000000, 0x0000000100000000, 0x0000000100000000)
  eden space 326656K, 100% used [0x00000000e0000000,0x00000000f3f00000,0x00000000f3f00000)
  from space 98816K, 11% used [0x00000000f3f00000,0x00000000f49c91a8,0x00000000f9f80000)
  to   space 98816K, 0% used [0x00000000f9f80000,0x00000000f9f80000,0x0000000100000000)
 ParOldGen       total 322560K, used 207331K [0x00000000a0000000, 0x00000000b3b00000, 0x00000000e0000000)
  object space 322560K, 64% used [0x00000000a0000000,0x00000000aca78d50,0x00000000b3b00000)
 Metaspace       used 97082K, capacity 103476K, committed 103768K, reserved 1138688K
  class space    used 12420K, capacity 13857K, committed 13952K, reserved 1048576K
Event: 1701.599 GC heap after
Heap after GC invocations=26 (full 4):
 PSYoungGen      total 424448K, used 5766K [0x00000000e0000000, 0x00000000fff00000, 0x0000000100000000)
  eden space 326656K, 0% used [0x00000000e0000000,0x00000000e0000000,0x00000000f3f00000)
  from space 97792K, 5% used [0x00000000f9f80000,0x00000000fa521be0,0x00000000fff00000)
  to   space 98304K, 0% used [0x00000000f3f00000,0x00000000f3f00000,0x00000000f9f00000)
 ParOldGen       total 322560K, used 210241K [0x00000000a0000000, 0x00000000b3b00000, 0x00000000e0000000)
  object space 322560K, 65% used [0x00000000a0000000,0x00000000acd50700,0x00000000b3b00000)
 Metaspace       used 97082K, capacity 103476K, committed 103768K, reserved 1138688K
  class space    used 12420K, capacity 13857K, committed 13952K, reserved 1048576K
}

